<?xml version="1.0" encoding="UTF-8"?>
<!-- Generated by org.testng.reporters.JUnitXMLReporter -->
<testsuite ignored="0" hostname="LAPTOP-6G0PA49B" failures="0" tests="4" name="Default test" time="14.557" errors="0" timestamp="2026-03-12T14:54:08 IST">
  <testcase classname="basePackage.Cart" name="fetchAllProducts" time="9.74"/>
  <testcase classname="basePackage.Cart" name="addProduct" time="0.645"/>
  <testcase classname="basePackage.Cart" name="updateCart" time="0.539"/>
  <testcase classname="basePackage.Cart" name="deleteFromCart" time="0.534"/>
</testsuite> <!-- Default test -->
