<?xml version="1.0" encoding="UTF-8"?>
<!-- Generated by org.testng.reporters.JUnitReportReporter -->
<testsuite hostname="LAPTOP-6G0PA49B" failures="0" tests="4" name="basePackage.Cart" time="5.282" errors="0" timestamp="2026-03-12T11:43:59 IST" skipped="0">
  <testcase classname="basePackage.Cart" name="fetchAllProducts" time="3.251"/>
  <testcase classname="basePackage.Cart" name="deleteFromCart" time="0.710"/>
  <testcase classname="basePackage.Cart" name="addProduct" time="0.726"/>
  <testcase classname="basePackage.Cart" name="updateCart" time="0.595"/>
</testsuite> <!-- basePackage.Cart -->
