<?xml version="1.0" encoding="UTF-8"?>
<!-- Generated by org.testng.reporters.JUnitReportReporter -->
<testsuite hostname="LAPTOP-6G0PA49B" failures="0" tests="4" name="basePackage.Cart" time="11.458" errors="0" timestamp="2026-03-12T14:54:08 IST" skipped="0">
  <testcase classname="basePackage.Cart" name="fetchAllProducts" time="9.740"/>
  <testcase classname="basePackage.Cart" name="deleteFromCart" time="0.534"/>
  <testcase classname="basePackage.Cart" name="addProduct" time="0.645"/>
  <testcase classname="basePackage.Cart" name="updateCart" time="0.539"/>
</testsuite> <!-- basePackage.Cart -->
